2024/12/06 18:57:57 Enter Total Servers (must be greater than 0):
2024/12/06 18:58:00 Enter Number of Clusters (must be greater than 0):
2024/12/06 18:58:01 Total Servers: 9, Number of Clusters: 3
2024/12/06 18:58:01 Database at ./bolt/S1.db cleared successfully.
2024/12/06 18:58:01 Starting BoltDB for server: S1 Path: ./bolt/S1.db
2024/12/06 18:58:02 Database at ./bolt/S2.db cleared successfully.
2024/12/06 18:58:02 Starting BoltDB for server: S2 Path: ./bolt/S2.db
2024/12/06 18:58:02 Database at ./bolt/S3.db cleared successfully.
2024/12/06 18:58:02 Starting BoltDB for server: S3 Path: ./bolt/S3.db
2024/12/06 18:58:02 Database at ./bolt/S4.db cleared successfully.
2024/12/06 18:58:02 Starting BoltDB for server: S4 Path: ./bolt/S4.db
2024/12/06 18:58:02 Database at ./bolt/S5.db cleared successfully.
2024/12/06 18:58:02 Starting BoltDB for server: S5 Path: ./bolt/S5.db
2024/12/06 18:58:02 Database at ./bolt/S6.db cleared successfully.
2024/12/06 18:58:02 Starting BoltDB for server: S6 Path: ./bolt/S6.db
2024/12/06 18:58:02 Database at ./bolt/S7.db cleared successfully.
2024/12/06 18:58:02 Starting BoltDB for server: S7 Path: ./bolt/S7.db
2024/12/06 18:58:02 Database at ./bolt/S8.db cleared successfully.
2024/12/06 18:58:02 Starting BoltDB for server: S8 Path: ./bolt/S8.db
2024/12/06 18:58:02 Database at ./bolt/S9.db cleared successfully.
2024/12/06 18:58:02 Starting BoltDB for server: S9 Path: ./bolt/S9.db
2024/12/06 18:58:02 TPC server S7 is running on localhost:50007...1000
2024/12/06 18:58:02 TPC server S6 is running on localhost:50006...1000
2024/12/06 18:58:02 TPC server S8 is running on localhost:50008...1000
2024/12/06 18:58:02 TPC server S5 is running on localhost:50005...1000
2024/12/06 18:58:02 TPC server S9 is running on localhost:50009...1000
2024/12/06 18:58:02 TPC server S3 is running on localhost:50003...1000
2024/12/06 18:58:02 TPC server S1 is running on localhost:50001...1000
2024/12/06 18:58:02 TPC server S4 is running on localhost:50004...1000
2024/12/06 18:58:02 TPC server S2 is running on localhost:50002...1000
2024/12/06 18:58:02 All servers have started.
2024/12/06 18:58:02 MAIN :: TPC Server length : 9
2024/12/06 18:58:02 Reading CSV...
2024/12/06 18:58:02 Errro reading file  EOF
2024/12/06 18:58:02 MAIN :: processing Set  1
2024/12/06 18:58:02 Live Server map map[S1:true S2:true S3:true S4:true S5:true S6:true S7:true S8:true S9:true]
2024/12/06 18:58:02 UpdateContactServers [S1 S4 S7]
2024/12/06 18:58:02 Choose an option:
2024/12/06 18:58:02 1. PrintDB <server> or all
2024/12/06 18:58:02 2. Performance <server> or all
2024/12/06 18:58:02 3. NextIteration
2024/12/06 18:58:02 MAIN :: Client 1001 sends Transaction 2 : {1001 1650 2}
2024/12/06 18:58:02 MAIN :: Client 100 sends Transaction 1 : {100 501 8}
2024/12/06 18:58:02 MAIN :: Client 2800 sends Transaction 3 : {2800 2150 7}
2024/12/06 18:58:02 4. BalanceMap <client>
2024/12/06 18:58:02 ProcessIntraShardTxn :: at client 1001
2024/12/06 18:58:02 ProcessIntraShardTxn :: at client 100
2024/12/06 18:58:02 ProcessIntraShardTxn :: at client 2800
2024/12/06 18:58:02 5. PrintLog <server> or all
2024/12/06 18:58:02 Enter option: 
Server S4::2024/12/06 18:58:02 Server S7 received transaction 3 from 2800 to 2150 of amount 7
Server S4::2024/12/06 18:58:02 Starting Paxos consensus... on S7 for tx 3
Server S4::2024/12/06 18:58:02 Server S4 received transaction 2 from 1001 to 1650 of amount 2
Server S4::2024/12/06 18:58:02 Server S1 received transaction 1 from 100 to 501 of amount 8
Server S4::2024/12/06 18:58:02 Starting Paxos consensus... on S1 for tx 1
Server S4::2024/12/06 18:58:02 Starting Paxos consensus... on S4 for tx 2
Server S4::2024/12/06 18:58:02 Promise count for S1 : 3 / 3 -> 1
Server S4::2024/12/06 18:58:02 Promise count for S4 : 3 / 3 -> 1
Server S4::2024/12/06 18:58:02 Promise count for S7 : 3 / 3 -> 1
Server S4::2024/12/06 18:58:02 Executing log 1 on server S1: sender:100  receiver:501  amount:8 ,  balance on Sender ->2 on rcvr:->18 
Server S4::2024/12/06 18:58:02 Executing log 2 on server S4: sender:1001  receiver:1650  amount:2 ,  balance on Sender ->8 on rcvr:->12 
Server S4::2024/12/06 18:58:02 Executing log 3 on server S7: sender:2800  receiver:2150  amount:7 ,  balance on Sender ->3 on rcvr:->17 
Server S4::2024/12/06 18:58:02 AddToWAL on S4 for txn 2 = Prepared
Server S4::2024/12/06 18:58:02 Decide successful for self
Server S4::2024/12/06 18:58:02 AddToWAL on S1 for txn 1 = Prepared
Server S4::2024/12/06 18:58:02 Decide successful for self
Server S4::2024/12/06 18:58:02 AddToWAL on S7 for txn 3 = Prepared
Server S4::2024/12/06 18:58:02 Executing log 1 on server S3: sender:100  receiver:501  amount:8 ,  balance on Sender ->2 on rcvr:->18 
Server S4::2024/12/06 18:58:02 Decide successful for self
Server S4::2024/12/06 18:58:02 Executing log 2 on server S5: sender:1001  receiver:1650  amount:2 ,  balance on Sender ->8 on rcvr:->12 
Server S4::2024/12/06 18:58:02 Executing log 2 on server S6: sender:1001  receiver:1650  amount:2 ,  balance on Sender ->8 on rcvr:->12 
Server S4::2024/12/06 18:58:02 Executing log 1 on server S2: sender:100  receiver:501  amount:8 ,  balance on Sender ->2 on rcvr:->18 
Server S4::2024/12/06 18:58:02 Executing log 3 on server S8: sender:2800  receiver:2150  amount:7 ,  balance on Sender ->3 on rcvr:->17 
Server S4::2024/12/06 18:58:02 Executing log 3 on server S9: sender:2800  receiver:2150  amount:7 ,  balance on Sender ->3 on rcvr:->17 
Server S4::2024/12/06 18:58:02 AddToWAL on S3 for txn 1 = Prepared
Server S4::2024/12/06 18:58:02 AddToWAL on S5 for txn 2 = Prepared
Server S4::2024/12/06 18:58:02 AddToWAL on S6 for txn 2 = Prepared
Server S4::2024/12/06 18:58:02 AddToWAL on S2 for txn 1 = Prepared
Server S4::2024/12/06 18:58:02 Paxos consensus succeeded on S4
Server S4::2024/12/06 18:58:02 Paxos: Transaction 2 processed successfully on S4
Server S4::2024/12/06 18:58:02 AddToWAL on S9 for txn 3 = Prepared
Server S4::2024/12/06 18:58:02 AddToWAL on S8 for txn 3 = Prepared
Server S4::2024/12/06 18:58:02 Paxos consensus succeeded on S1
Server S4::2024/12/06 18:58:02 Paxos: Transaction 1 processed successfully on S1
Server S4::2024/12/06 18:58:02 Paxos consensus succeeded on S7
Server S4::2024/12/06 18:58:02 Paxos: Transaction 3 processed successfully on S7
Server S4::2024/12/06 18:58:02 ProcessIntraShardTxn :: Client 1001 received response from server: success:true  message:"Transaction processed true. Please check logs for further status."
Server S4::2024/12/06 18:58:02 ProcessIntraShardTxn :: Client 100 received response from server: success:true  message:"Transaction processed true. Please check logs for further status."
Server S4::2024/12/06 18:58:02 ProcessIntraShardTxn :: Client 2800 received response from server: success:true  message:"Transaction processed true. Please check logs for further status."
Server S4::2024/12/06 18:58:03 Proceeding to next iteration...
Server S4::2024/12/06 18:58:03 MAIN :: processing Set  2
Server S4::2024/12/06 18:58:03 Live Server map map[S1:true S2:true S3:true S4:true S5:true S6:true S7:true S8:true S9:true]
Server S4::2024/12/06 18:58:03 UpdateContactServers [S1 S4 S7]
Server S4::2024/12/06 18:58:03 MAIN :: Client 1201 sends Transaction 4 : {1201 1111 5}
2024/12/06 18:58:03 ProcessIntraShardTxn :: at client 1201
Server S4::2024/12/06 18:58:03 MAIN :: Client 501 sends Transaction 5 : {501 299 13}
2024/12/06 18:58:03 ProcessIntraShardTxn :: at client 501
Server S4::2024/12/06 18:58:03 MAIN :: Client 101 sends Transaction 6 : {101 301 9}
2024/12/06 18:58:03 Choose an option:
2024/12/06 18:58:03 MAIN :: Client 299 sends Transaction 7 : {299 1 4}
2024/12/06 18:58:03 ProcessIntraShardTxn :: at client 101
2024/12/06 18:58:03 1. PrintDB <server> or all
2024/12/06 18:58:03 2. Performance <server> or all
2024/12/06 18:58:03 ProcessIntraShardTxn :: at client 299
2024/12/06 18:58:03 3. NextIteration
2024/12/06 18:58:03 4. BalanceMap <client>
2024/12/06 18:58:03 5. PrintLog <server> or all
Server S4::2024/12/06 18:58:03 Enter option: 
Server S1::2024/12/06 18:58:03 Server S1 received transaction 5 from 501 to 299 of amount 13
Server S1::2024/12/06 18:58:03 Starting Paxos consensus... on S1 for tx 5
Server S4::2024/12/06 18:58:03 Server S4 received transaction 4 from 1201 to 1111 of amount 5
Server S1::2024/12/06 18:58:03 Starting Paxos consensus... on S4 for tx 4
Server S1::2024/12/06 18:58:03 Server S1 received transaction 6 from 101 to 301 of amount 9
Server S1::2024/12/06 18:58:03 Server S1 received transaction 7 from 299 to 1 of amount 4
Server S1::2024/12/06 18:58:03 Promise count for S1 : 3 / 3 -> 1
Server S1::2024/12/06 18:58:03 Promise count for S4 : 3 / 3 -> 1
Server S1::2024/12/06 18:58:03 Executing log 5 on server S1: sender:501  receiver:299  amount:13 ,  balance on Sender ->5 on rcvr:->23 
Server S1::2024/12/06 18:58:03 Executing log 4 on server S4: sender:1201  receiver:1111  amount:5 ,  balance on Sender ->5 on rcvr:->15 
Server S1::2024/12/06 18:58:03 AddToWAL on S1 for txn 5 = Prepared
Server S1::2024/12/06 18:58:03 Decide successful for self
Server S1::2024/12/06 18:58:03 AddToWAL on S4 for txn 4 = Prepared
Server S1::2024/12/06 18:58:03 Decide successful for self
Server S1::2024/12/06 18:58:03 Executing log 5 on server S2: sender:501  receiver:299  amount:13 ,  balance on Sender ->5 on rcvr:->23 
Server S1::2024/12/06 18:58:03 Executing log 4 on server S6: sender:1201  receiver:1111  amount:5 ,  balance on Sender ->5 on rcvr:->15 
Server S1::2024/12/06 18:58:03 Executing log 4 on server S5: sender:1201  receiver:1111  amount:5 ,  balance on Sender ->5 on rcvr:->15 
Server S1::2024/12/06 18:58:03 Executing log 5 on server S3: sender:501  receiver:299  amount:13 ,  balance on Sender ->5 on rcvr:->23 
Server S1::2024/12/06 18:58:03 AddToWAL on S2 for txn 5 = Prepared
Server S1::2024/12/06 18:58:03 AddToWAL on S6 for txn 4 = Prepared
Server S1::2024/12/06 18:58:03 AddToWAL on S5 for txn 4 = Prepared
Server S1::2024/12/06 18:58:03 AddToWAL on S3 for txn 5 = Prepared
Server S1::2024/12/06 18:58:03 Paxos consensus succeeded on S4
Server S1::2024/12/06 18:58:03 Paxos: Transaction 4 processed successfully on S4
Server S1::2024/12/06 18:58:03 Paxos consensus succeeded on S1
Server S1::2024/12/06 18:58:03 Paxos: Transaction 5 processed successfully on S1
Server S1::2024/12/06 18:58:03 ProcessIntraShardTxn :: Client 1201 received response from server: success:true  message:"Transaction processed true. Please check logs for further status."
Server S1::2024/12/06 18:58:03 Starting Paxos consensus... on S1 for tx 6
Server S1::2024/12/06 18:58:03 ProcessIntraShardTxn :: Client 501 received response from server: success:true  message:"Transaction processed true. Please check logs for further status."
Server S1::2024/12/06 18:58:03 Promise count for S1 : 3 / 3 -> 1
Server S1::2024/12/06 18:58:03 Executing log 6 on server S1: sender:101  receiver:301  amount:9 ,  balance on Sender ->1 on rcvr:->19 
Server S1::2024/12/06 18:58:03 Executing log 6 on server S2: sender:101  receiver:301  amount:9 ,  balance on Sender ->1 on rcvr:->19 
Server S1::2024/12/06 18:58:03 Executing log 6 on server S3: sender:101  receiver:301  amount:9 ,  balance on Sender ->1 on rcvr:->19 
Server S1::2024/12/06 18:58:03 AddToWAL on S2 for txn 6 = Prepared
Server S1::2024/12/06 18:58:03 AddToWAL on S1 for txn 6 = Prepared
Server S1::2024/12/06 18:58:03 AddToWAL on S3 for txn 6 = Prepared
Server S1::2024/12/06 18:58:03 Decide successful for self
Server S1::2024/12/06 18:58:03 Paxos consensus succeeded on S1
Server S1::2024/12/06 18:58:03 Paxos: Transaction 6 processed successfully on S1
Server S1::2024/12/06 18:58:03 Starting Paxos consensus... on S1 for tx 7
Server S1::2024/12/06 18:58:03 ProcessIntraShardTxn :: Client 101 received response from server: success:true  message:"Transaction processed true. Please check logs for further status."
Server S1::2024/12/06 18:58:03 Promise count for S1 : 3 / 3 -> 1
Server S1::2024/12/06 18:58:03 Executing log 7 on server S1: sender:299  receiver:1  amount:4 ,  balance on Sender ->19 on rcvr:->14 
Server S1::2024/12/06 18:58:03 AddToWAL on S1 for txn 7 = Prepared
Server S1::2024/12/06 18:58:03 Decide successful for self
Server S1::2024/12/06 18:58:03 Executing log 7 on server S2: sender:299  receiver:1  amount:4 ,  balance on Sender ->19 on rcvr:->14 
Server S1::2024/12/06 18:58:03 Executing log 7 on server S3: sender:299  receiver:1  amount:4 ,  balance on Sender ->19 on rcvr:->14 
Server S1::2024/12/06 18:58:03 AddToWAL on S2 for txn 7 = Prepared
Server S1::2024/12/06 18:58:03 AddToWAL on S3 for txn 7 = Prepared
Server S1::2024/12/06 18:58:03 Paxos consensus succeeded on S1
Server S1::2024/12/06 18:58:03 Paxos: Transaction 7 processed successfully on S1
Server S1::2024/12/06 18:58:03 ProcessIntraShardTxn :: Client 299 received response from server: success:true  message:"Transaction processed true. Please check logs for further status."
Server S1::2024/12/06 18:58:04 Proceeding to next iteration...
Server S1::2024/12/06 18:58:04 MAIN :: processing Set  3
Server S1::2024/12/06 18:58:04 Live Server map map[S1:true S2:true S3:true S4:true S5:false S6:true S7:true S8:true S9:true]
Server S1::2024/12/06 18:58:04 UpdateContactServers [S1 S4 S7]
2024/12/06 18:58:04 Choose an option:
2024/12/06 18:58:04 1. PrintDB <server> or all
2024/12/06 18:58:04 2. Performance <server> or all
2024/12/06 18:58:04 3. NextIteration
2024/12/06 18:58:04 MAIN :: Client 796 sends Transaction 9 : {796 997 3}
2024/12/06 18:58:04 MAIN :: Client 1895 sends Transaction 10 : {1895 1890 5}
2024/12/06 18:58:04 MAIN :: Client 2995 sends Transaction 11 : {2995 2994 7}
2024/12/06 18:58:04 MAIN :: Client 2995 sends Transaction 8 : {2995 2990 5}
2024/12/06 18:58:04 4. BalanceMap <client>
2024/12/06 18:58:04 ProcessIntraShardTxn :: at client 796
2024/12/06 18:58:04 ProcessIntraShardTxn :: at client 1895
2024/12/06 18:58:04 ProcessIntraShardTxn :: at client 2995
2024/12/06 18:58:04 ProcessIntraShardTxn :: at client 2995
2024/12/06 18:58:04 5. PrintLog <server> or all
2024/12/06 18:58:04 Enter option: 
Server S7::2024/12/06 18:58:04 Server S7 received transaction 11 from 2995 to 2994 of amount 7
Server S7::2024/12/06 18:58:04 Starting Paxos consensus... on S7 for tx 11
Server S1::2024/12/06 18:58:04 Server S1 received transaction 9 from 796 to 997 of amount 3
Server S7::2024/12/06 18:58:04 Starting Paxos consensus... on S1 for tx 9
Server S4::2024/12/06 18:58:04 Server S4 received transaction 10 from 1895 to 1890 of amount 5
Server S7::2024/12/06 18:58:04 Server S7 received transaction 8 from 2995 to 2990 of amount 5
Server S7::2024/12/06 18:58:04 Starting Paxos consensus... on S4 for tx 10
Server S7::2024/12/06 18:58:04 Promise count for S4 : 2 / 3 -> 1
Server S7::2024/12/06 18:58:04 Executing log 10 on server S4: sender:1895  receiver:1890  amount:5 ,  balance on Sender ->5 on rcvr:->15 
Server S7::2024/12/06 18:58:04 Promise count for S7 : 3 / 3 -> 1
Server S7::2024/12/06 18:58:04 Executing log 10 on server S6: sender:1895  receiver:1890  amount:5 ,  balance on Sender ->5 on rcvr:->15 
Server S7::2024/12/06 18:58:04 Executing log 11 on server S7: sender:2995  receiver:2994  amount:7 ,  balance on Sender ->3 on rcvr:->17 
Server S7::2024/12/06 18:58:04 Promise count for S1 : 3 / 3 -> 1
Server S7::2024/12/06 18:58:04 Executing log 9 on server S1: sender:796  receiver:997  amount:3 ,  balance on Sender ->7 on rcvr:->13 
Server S7::2024/12/06 18:58:04 AddToWAL on S4 for txn 10 = Prepared
Server S7::2024/12/06 18:58:04 Decide successful for self
Server S7::2024/12/06 18:58:04 AddToWAL on S6 for txn 10 = Prepared
Server S7::2024/12/06 18:58:04 AddToWAL on S7 for txn 11 = Prepared
Server S7::2024/12/06 18:58:04 Decide successful for self
Server S7::2024/12/06 18:58:04 Paxos consensus succeeded on S4
Server S7::2024/12/06 18:58:04 Paxos: Transaction 10 processed successfully on S4
Server S7::2024/12/06 18:58:04 Executing log 11 on server S8: sender:2995  receiver:2994  amount:7 ,  balance on Sender ->3 on rcvr:->17 
Server S7::2024/12/06 18:58:04 AddToWAL on S1 for txn 9 = Prepared
Server S7::2024/12/06 18:58:04 Decide successful for self
Server S7::2024/12/06 18:58:04 Executing log 11 on server S9: sender:2995  receiver:2994  amount:7 ,  balance on Sender ->3 on rcvr:->17 
Server S7::2024/12/06 18:58:04 Executing log 9 on server S2: sender:796  receiver:997  amount:3 ,  balance on Sender ->7 on rcvr:->13 
Server S7::2024/12/06 18:58:04 Executing log 9 on server S3: sender:796  receiver:997  amount:3 ,  balance on Sender ->7 on rcvr:->13 
Server S7::2024/12/06 18:58:04 ProcessIntraShardTxn :: Client 1895 received response from server: success:true  message:"Transaction processed true. Please check logs for further status."
Server S7::2024/12/06 18:58:04 AddToWAL on S8 for txn 11 = Prepared
Server S7::2024/12/06 18:58:04 AddToWAL on S9 for txn 11 = Prepared
Server S7::2024/12/06 18:58:04 Paxos consensus succeeded on S7
Server S7::2024/12/06 18:58:04 Paxos: Transaction 11 processed successfully on S7
Server S7::2024/12/06 18:58:04 AddToWAL on S2 for txn 9 = Prepared
Server S7::2024/12/06 18:58:04 AddToWAL on S3 for txn 9 = Prepared
Server S7::2024/12/06 18:58:04 Paxos consensus succeeded on S1
Server S7::2024/12/06 18:58:04 Paxos: Transaction 9 processed successfully on S1
Server S7::2024/12/06 18:58:04 Starting Paxos consensus... on S7 for tx 8
Server S7::2024/12/06 18:58:04 ProcessIntraShardTxn :: Client 2995 received response from server: success:true  message:"Transaction processed true. Please check logs for further status."
Server S7::2024/12/06 18:58:04 Promise count for S7 : 3 / 3 -> 1
Server S7::2024/12/06 18:58:04 ProcessIntraShardTxn :: Client 796 received response from server: success:true  message:"Transaction processed true. Please check logs for further status."
Server S7::2024/12/06 18:58:04 Aborting due to insufficient balance: Sender 2995, Amount 5
Server S7::2024/12/06 18:58:04 Paxos consensus failed: Aborting due to insufficient balance: Sender 2995, Amount 5
Server S7::2024/12/06 18:58:04 ProcessIntraShardTxn :: Client 2995 received response from server: message:"Transaction processed false. Paxos Failed."
Server S7::2024/12/06 18:58:05 Proceeding to next iteration...
Server S7::2024/12/06 18:58:05 MAIN :: processing Set  4
Server S7::2024/12/06 18:58:05 Live Server map map[S1:true S2:true S3:true S4:false S5:true S6:true S7:true S8:true S9:true]
Server S7::2024/12/06 18:58:05 UpdateContactServers [S1 S5 S7]
2024/12/06 18:58:05 Choose an option:
2024/12/06 18:58:05 1. PrintDB <server> or all
2024/12/06 18:58:05 2. Performance <server> or all
2024/12/06 18:58:05 3. NextIteration
2024/12/06 18:58:05 MAIN :: Client 2770 sends Transaction 12 : {2770 2799 1}
2024/12/06 18:58:05 MAIN :: Client 196 sends Transaction 13 : {196 197 3}
2024/12/06 18:58:05 MAIN :: Client 1895 sends Transaction 14 : {1895 1990 7}
2024/12/06 18:58:05 4. BalanceMap <client>
2024/12/06 18:58:05 5. PrintLog <server> or all
2024/12/06 18:58:05 Enter option: 
2024/12/06 18:58:05 ProcessIntraShardTxn :: at client 2770
2024/12/06 18:58:05 ProcessIntraShardTxn :: at client 196
2024/12/06 18:58:05 ProcessIntraShardTxn :: at client 1895
Server S7::2024/12/06 18:58:05 Server S7 received transaction 12 from 2770 to 2799 of amount 1
Server S7::2024/12/06 18:58:05 Starting Paxos consensus... on S7 for tx 12
Server S1::2024/12/06 18:58:05 Server S1 received transaction 13 from 196 to 197 of amount 3
Server S5::2024/12/06 18:58:05 Starting Paxos consensus... on S1 for tx 13
Server S5::2024/12/06 18:58:05 Server S5 received transaction 14 from 1895 to 1990 of amount 7
Server S5::2024/12/06 18:58:05 Starting Paxos consensus... on S5 for tx 14
Server S5::2024/12/06 18:58:05 LastCommittedBallot of leader is less than server.Need to SYNC {{{} [] [] <nil>} 0 [] false 3 map[2:sender:1001  receiver:1650  amount:2 4:sender:1201  receiver:1111  amount:5 10:sender:1895  receiver:1890  amount:5] map[2:sender:1001  receiver:1650  amount:2 4:sender:1201  receiver:1111  amount:5 10:sender:1895  receiver:1890  amount:5]}
Server S5::2024/12/06 18:58:05 Executing log 10 on server S5: sender:1895  receiver:1890  amount:5 ,  balance on Sender ->5 on rcvr:->15 
Server S5::2024/12/06 18:58:05 Promise count for S1 : 3 / 3 -> 1
Server S5::2024/12/06 18:58:05 Promise count for S7 : 3 / 3 -> 1
Server S5::2024/12/06 18:58:05 Executing log 12 on server S7: sender:2770  receiver:2799  amount:1 ,  balance on Sender ->9 on rcvr:->11 
Server S5::2024/12/06 18:58:05 Executing log 13 on server S1: sender:196  receiver:197  amount:3 ,  balance on Sender ->7 on rcvr:->13 
Server S5::2024/12/06 18:58:05 Executing log 13 on server S3: sender:196  receiver:197  amount:3 ,  balance on Sender ->7 on rcvr:->13 
Server S5::2024/12/06 18:58:05 Executing log 13 on server S2: sender:196  receiver:197  amount:3 ,  balance on Sender ->7 on rcvr:->13 
Server S5::2024/12/06 18:58:05 AddToWAL on S5 for txn 10 = Prepared
Server S5::2024/12/06 18:58:05 Server sync successful from S6 to outdated leader =S5
Server S5::2024/12/06 18:58:05 Promise count for S5 : 2 / 3 -> 1
Server S5::2024/12/06 18:58:05 Aborting due to insufficient balance: Sender 1895, Amount 7
Server S5::2024/12/06 18:58:05 AddToWAL on S7 for txn 12 = Prepared
Server S5::2024/12/06 18:58:05 AddToWAL on S1 for txn 13 = Prepared
Server S5::2024/12/06 18:58:05 AddToWAL on S3 for txn 13 = Prepared
Server S5::2024/12/06 18:58:05 Paxos consensus failed: Aborting due to insufficient balance: Sender 1895, Amount 7
Server S5::2024/12/06 18:58:05 AddToWAL on S2 for txn 13 = Prepared
Server S5::2024/12/06 18:58:05 Decide successful for self
Server S5::2024/12/06 18:58:05 Decide successful for self
Server S5::2024/12/06 18:58:05 ProcessIntraShardTxn :: Client 1895 received response from server: message:"Transaction processed false. Paxos Failed."
Server S5::2024/12/06 18:58:05 Paxos consensus succeeded on S1
Server S5::2024/12/06 18:58:05 Paxos: Transaction 13 processed successfully on S1
Server S5::2024/12/06 18:58:05 Executing log 12 on server S8: sender:2770  receiver:2799  amount:1 ,  balance on Sender ->9 on rcvr:->11 
Server S5::2024/12/06 18:58:05 Executing log 12 on server S9: sender:2770  receiver:2799  amount:1 ,  balance on Sender ->9 on rcvr:->11 
Server S5::2024/12/06 18:58:05 AddToWAL on S8 for txn 12 = Prepared
Server S5::2024/12/06 18:58:05 AddToWAL on S9 for txn 12 = Prepared
Server S5::2024/12/06 18:58:05 Paxos consensus succeeded on S7
Server S5::2024/12/06 18:58:05 Paxos: Transaction 12 processed successfully on S7
Server S5::2024/12/06 18:58:05 ProcessIntraShardTxn :: Client 196 received response from server: success:true  message:"Transaction processed true. Please check logs for further status."
Server S5::2024/12/06 18:58:05 ProcessIntraShardTxn :: Client 2770 received response from server: success:true  message:"Transaction processed true. Please check logs for further status."
Server S5::2024/12/06 18:58:06 Proceeding to next iteration...
Server S5::2024/12/06 18:58:06 MAIN :: processing Set  5
Server S5::2024/12/06 18:58:06 Live Server map map[S1:true S2:true S3:true S4:true S5:true S6:true S7:true S8:false S9:false]
Server S5::2024/12/06 18:58:06 UpdateContactServers [S1 S4 S7]
Server S5::2024/12/06 18:58:06 MAIN :: Client 973 sends Transaction 15 : {973 707 2}
2024/12/06 18:58:06 ProcessIntraShardTxn :: at client 973
2024/12/06 18:58:06 Choose an option:
2024/12/06 18:58:06 1. PrintDB <server> or all
2024/12/06 18:58:06 MAIN :: Client 2975 sends Transaction 19 : {2975 2970 9}
2024/12/06 18:58:06 MAIN :: Client 333 sends Transaction 17 : {333 691 4}
2024/12/06 18:58:06 MAIN :: Client 1690 sends Transaction 18 : {1690 1695 6}
2024/12/06 18:58:06 MAIN :: Client 1495 sends Transaction 16 : {1495 1490 3}
2024/12/06 18:58:06 2. Performance <server> or all
2024/12/06 18:58:06 ProcessIntraShardTxn :: at client 2975
2024/12/06 18:58:06 ProcessIntraShardTxn :: at client 333
2024/12/06 18:58:06 ProcessIntraShardTxn :: at client 1690
2024/12/06 18:58:06 ProcessIntraShardTxn :: at client 1495
2024/12/06 18:58:06 3. NextIteration
2024/12/06 18:58:06 4. BalanceMap <client>
2024/12/06 18:58:06 5. PrintLog <server> or all
2024/12/06 18:58:06 Enter option: 
Server S1::2024/12/06 18:58:06 Server S1 received transaction 15 from 973 to 707 of amount 2
Server S1::2024/12/06 18:58:06 Starting Paxos consensus... on S1 for tx 15
Server S1::2024/12/06 18:58:06 Server S1 received transaction 17 from 333 to 691 of amount 4
Server S4::2024/12/06 18:58:06 Server S4 received transaction 18 from 1690 to 1695 of amount 6
Server S7::2024/12/06 18:58:06 Starting Paxos consensus... on S4 for tx 18
Server S4::2024/12/06 18:58:06 Server S4 received transaction 16 from 1495 to 1490 of amount 3
Server S7::2024/12/06 18:58:06 Server S7 received transaction 19 from 2975 to 2970 of amount 9
Server S7::2024/12/06 18:58:06 Starting Paxos consensus... on S7 for tx 19
Server S7::2024/12/06 18:58:06 Promise count for S7 : 1 / 3 -> 1
Server S7::2024/12/06 18:58:06 Paxos Prepare failed on S7
Server S7::2024/12/06 18:58:06 Paxos consensus failed: Prepare phase failed
Server S7::2024/12/06 18:58:06 ProcessIntraShardTxn :: Client 2975 received response from server: message:"Transaction processed false. Paxos Failed."
Server S7::2024/12/06 18:58:06 Promise count for S1 : 3 / 3 -> 1
Server S7::2024/12/06 18:58:06 Executing log 15 on server S1: sender:973  receiver:707  amount:2 ,  balance on Sender ->8 on rcvr:->12 
Server S7::2024/12/06 18:58:06 Executing log 15 on server S3: sender:973  receiver:707  amount:2 ,  balance on Sender ->8 on rcvr:->12 
Server S7::2024/12/06 18:58:06 Promise count for S4 : 3 / 3 -> 1
Server S7::2024/12/06 18:58:06 Executing log 15 on server S2: sender:973  receiver:707  amount:2 ,  balance on Sender ->8 on rcvr:->12 
Server S7::2024/12/06 18:58:06 Executing log 18 on server S4: sender:1690  receiver:1695  amount:6 ,  balance on Sender ->4 on rcvr:->16 
Server S7::2024/12/06 18:58:06 AddToWAL on S1 for txn 15 = Prepared
Server S7::2024/12/06 18:58:06 Decide successful for self
Server S7::2024/12/06 18:58:06 AddToWAL on S3 for txn 15 = Prepared
Server S7::2024/12/06 18:58:06 AddToWAL on S2 for txn 15 = Prepared
Server S7::2024/12/06 18:58:06 AddToWAL on S4 for txn 18 = Prepared
Server S7::2024/12/06 18:58:06 Decide successful for self
Server S7::2024/12/06 18:58:06 Paxos consensus succeeded on S1
Server S7::2024/12/06 18:58:06 Paxos: Transaction 15 processed successfully on S1
Server S7::2024/12/06 18:58:06 Executing log 18 on server S6: sender:1690  receiver:1695  amount:6 ,  balance on Sender ->4 on rcvr:->16 
Server S7::2024/12/06 18:58:06 Executing log 18 on server S5: sender:1690  receiver:1695  amount:6 ,  balance on Sender ->4 on rcvr:->16 
Server S7::2024/12/06 18:58:06 Starting Paxos consensus... on S1 for tx 17
Server S7::2024/12/06 18:58:06 AddToWAL on S6 for txn 18 = Prepared
Server S7::2024/12/06 18:58:06 ProcessIntraShardTxn :: Client 973 received response from server: success:true  message:"Transaction processed true. Please check logs for further status."
Server S7::2024/12/06 18:58:06 AddToWAL on S5 for txn 18 = Prepared
Server S7::2024/12/06 18:58:06 Promise count for S1 : 3 / 3 -> 1
Server S7::2024/12/06 18:58:06 Paxos consensus succeeded on S4
Server S7::2024/12/06 18:58:06 Paxos: Transaction 18 processed successfully on S4
Server S7::2024/12/06 18:58:06 Executing log 17 on server S1: sender:333  receiver:691  amount:4 ,  balance on Sender ->6 on rcvr:->14 
Server S7::2024/12/06 18:58:06 Starting Paxos consensus... on S4 for tx 16
Server S7::2024/12/06 18:58:06 AddToWAL on S1 for txn 17 = Prepared
Server S7::2024/12/06 18:58:06 ProcessIntraShardTxn :: Client 1690 received response from server: success:true  message:"Transaction processed true. Please check logs for further status."
Server S7::2024/12/06 18:58:06 Decide successful for self
Server S7::2024/12/06 18:58:06 Promise count for S4 : 3 / 3 -> 1
Server S7::2024/12/06 18:58:06 Executing log 17 on server S3: sender:333  receiver:691  amount:4 ,  balance on Sender ->6 on rcvr:->14 
Server S7::2024/12/06 18:58:06 Executing log 17 on server S2: sender:333  receiver:691  amount:4 ,  balance on Sender ->6 on rcvr:->14 
Server S7::2024/12/06 18:58:06 Executing log 16 on server S4: sender:1495  receiver:1490  amount:3 ,  balance on Sender ->7 on rcvr:->13 
Server S7::2024/12/06 18:58:06 Executing log 16 on server S5: sender:1495  receiver:1490  amount:3 ,  balance on Sender ->7 on rcvr:->13 
Server S7::2024/12/06 18:58:06 Executing log 16 on server S6: sender:1495  receiver:1490  amount:3 ,  balance on Sender ->7 on rcvr:->13 
Server S7::2024/12/06 18:58:06 AddToWAL on S2 for txn 17 = Prepared
Server S7::2024/12/06 18:58:06 AddToWAL on S3 for txn 17 = Prepared
Server S7::2024/12/06 18:58:06 AddToWAL on S4 for txn 16 = Prepared
Server S7::2024/12/06 18:58:06 AddToWAL on S5 for txn 16 = Prepared
Server S7::2024/12/06 18:58:06 Decide successful for self
Server S7::2024/12/06 18:58:06 Paxos consensus succeeded on S1
Server S7::2024/12/06 18:58:06 Paxos: Transaction 17 processed successfully on S1
Server S7::2024/12/06 18:58:06 AddToWAL on S6 for txn 16 = Prepared
Server S7::2024/12/06 18:58:06 Paxos consensus succeeded on S4
Server S7::2024/12/06 18:58:06 Paxos: Transaction 16 processed successfully on S4
Server S7::2024/12/06 18:58:06 ProcessIntraShardTxn :: Client 333 received response from server: success:true  message:"Transaction processed true. Please check logs for further status."
Server S7::2024/12/06 18:58:06 ProcessIntraShardTxn :: Client 1495 received response from server: success:true  message:"Transaction processed true. Please check logs for further status."
Server S7::2024/12/06 18:58:07 Proceeding to next iteration...
Server S7::2024/12/06 18:58:07 MAIN :: processing Set  6
Server S7::2024/12/06 18:58:07 Live Server map map[S1:true S2:true S3:true S4:true S5:true S6:true S7:true S8:true S9:true]
Server S7::2024/12/06 18:58:07 UpdateContactServers [S1 S4 S7]
2024/12/06 18:58:07 Choose an option:
2024/12/06 18:58:07 1. PrintDB <server> or all
2024/12/06 18:58:07 2. Performance <server> or all
2024/12/06 18:58:07 3. NextIteration
2024/12/06 18:58:07 MAIN :: Client 299 sends Transaction 20 : {299 1999 15}
2024/12/06 18:58:07 MAIN :: Client 1001 sends Transaction 21 : {1001 2999 6}
2024/12/06 18:58:07 MAIN :: Client 2150 sends Transaction 22 : {2150 1111 9}
2024/12/06 18:58:07 4. BalanceMap <client>
2024/12/06 18:58:07 [299] Starting ProcessCrossShardTxn
2024/12/06 18:58:07 [299] Starting Prepare Phase
2024/12/06 18:58:07 [1001] Starting ProcessCrossShardTxn
2024/12/06 18:58:07 [1001] Starting Prepare Phase
2024/12/06 18:58:07 [2150] Starting ProcessCrossShardTxn
2024/12/06 18:58:07 5. PrintLog <server> or all
2024/12/06 18:58:07 TPCPrepareToLeader request transaction_entry:{key:20  value:{sender:299  receiver:1999  amount:15}}
2024/12/06 18:58:07 TPCPrepareToLeader request transaction_entry:{key:20  value:{sender:299  receiver:1999  amount:15}}
2024/12/06 18:58:07 TPCPrepareToLeader request transaction_entry:{key:21  value:{sender:1001  receiver:2999  amount:6}}
2024/12/06 18:58:07 TPCPrepareToLeader request transaction_entry:{key:21  value:{sender:1001  receiver:2999  amount:6}}
2024/12/06 18:58:07 [2150] Starting Prepare Phase
2024/12/06 18:58:07 Enter option: 
2024/12/06 18:58:07 Starting Paxos consensus... on S1 for tx 20
2024/12/06 18:58:07 TPCPrepareToLeader request transaction_entry:{key:22  value:{sender:2150  receiver:1111  amount:9}}
2024/12/06 18:58:07 Starting Paxos consensus... on S4 for tx 21
2024/12/06 18:58:07 TPCPrepareToLeader request transaction_entry:{key:22  value:{sender:2150  receiver:1111  amount:9}}
2024/12/06 18:58:07 Starting Paxos consensus... on S7 for tx 22
2024/12/06 18:58:07 Promise count for S1 : 3 / 3 -> 1
2024/12/06 18:58:07 Promise count for S4 : 3 / 3 -> 1
2024/12/06 18:58:07 Executing log 20 on server S1: sender:299  receiver:1999  amount:15 ,  balance on Sender ->4 on rcvr:->0 
2024/12/06 18:58:07 Executing log 21 on server S4: sender:1001  receiver:2999  amount:6 ,  balance on Sender ->2 on rcvr:->0 
2024/12/06 18:58:07 Executing log 21 on server S6: sender:1001  receiver:2999  amount:6 ,  balance on Sender ->2 on rcvr:->0 
2024/12/06 18:58:07 Promise count for S7 : 3 / 3 -> 1
2024/12/06 18:58:07 AddToWAL on S4 for txn 21 = Prepared
2024/12/06 18:58:07 AddToWAL on S1 for txn 20 = Prepared
2024/12/06 18:58:07 Executing log 22 on server S7: sender:2150  receiver:1111  amount:9 ,  balance on Sender ->8 on rcvr:->0 
2024/12/06 18:58:07 AddToWAL on S6 for txn 21 = Prepared
2024/12/06 18:58:07 Decide successful for self
2024/12/06 18:58:07 Decide successful for self
2024/12/06 18:58:07 AddToWAL on S7 for txn 22 = Prepared
2024/12/06 18:58:07 Executing log 21 on server S5: sender:1001  receiver:2999  amount:6 ,  balance on Sender ->2 on rcvr:->0 
2024/12/06 18:58:07 Executing log 20 on server S3: sender:299  receiver:1999  amount:15 ,  balance on Sender ->4 on rcvr:->0 
2024/12/06 18:58:07 Executing log 20 on server S2: sender:299  receiver:1999  amount:15 ,  balance on Sender ->4 on rcvr:->0 
2024/12/06 18:58:07 Decide successful for self
2024/12/06 18:58:07 AddToWAL on S5 for txn 21 = Prepared
2024/12/06 18:58:07 Executing log 22 on server S9: sender:2150  receiver:1111  amount:9 ,  balance on Sender ->8 on rcvr:->0 
2024/12/06 18:58:07 Executing log 22 on server S8: sender:2150  receiver:1111  amount:9 ,  balance on Sender ->8 on rcvr:->0 
2024/12/06 18:58:07 AddToWAL on S3 for txn 20 = Prepared
2024/12/06 18:58:07 AddToWAL on S2 for txn 20 = Prepared
2024/12/06 18:58:07 AddToWAL on S9 for txn 22 = Prepared
2024/12/06 18:58:07 AddToWAL on S8 for txn 22 = Prepared
2024/12/06 18:58:07 Paxos consensus succeeded on S4
2024/12/06 18:58:07 Paxos: Transaction 21 processed successfully on S4
2024/12/06 18:58:07 Paxos consensus succeeded on S1
2024/12/06 18:58:07 Paxos: Transaction 20 processed successfully on S1
2024/12/06 18:58:07 Paxos consensus succeeded on S7
2024/12/06 18:58:07 Paxos: Transaction 22 processed successfully on S7
2024/12/06 18:58:07 Starting Paxos consensus... on S4 for tx 22
2024/12/06 18:58:07 TPCPrepareToLeader :: Client 1001 received response from server: success:true  message:"Success"
2024/12/06 18:58:07 TPCPrepareToLeader :: Client 299 received response from server: success:true  message:"Success"
2024/12/06 18:58:07 Promise count for S4 : 3 / 3 -> 1
2024/12/06 18:58:07 Starting Paxos consensus... on S7 for tx 21
2024/12/06 18:58:07 TPCPrepareToLeader :: Client 2150 received response from server: success:true  message:"Success"
2024/12/06 18:58:07 Executing log 22 on server S4: sender:2150  receiver:1111  amount:9 ,  balance on Sender ->0 on rcvr:->24 
2024/12/06 18:58:07 Promise count for S7 : 3 / 3 -> 1
2024/12/06 18:58:07 Executing log 21 on server S7: sender:1001  receiver:2999  amount:6 ,  balance on Sender ->0 on rcvr:->16 
2024/12/06 18:58:07 Executing log 21 on server S9: sender:1001  receiver:2999  amount:6 ,  balance on Sender ->0 on rcvr:->16 
2024/12/06 18:58:07 AddToWAL on S4 for txn 22 = Prepared
2024/12/06 18:58:07 AddToWAL on S7 for txn 21 = Prepared
2024/12/06 18:58:07 AddToWAL on S9 for txn 21 = Prepared
2024/12/06 18:58:07 Decide successful for self
2024/12/06 18:58:07 Executing log 22 on server S6: sender:2150  receiver:1111  amount:9 ,  balance on Sender ->0 on rcvr:->24 
2024/12/06 18:58:07 Executing log 22 on server S5: sender:2150  receiver:1111  amount:9 ,  balance on Sender ->0 on rcvr:->24 
2024/12/06 18:58:07 Decide successful for self
2024/12/06 18:58:07 Executing log 21 on server S8: sender:1001  receiver:2999  amount:6 ,  balance on Sender ->0 on rcvr:->16 
2024/12/06 18:58:07 AddToWAL on S6 for txn 22 = Prepared
2024/12/06 18:58:07 AddToWAL on S5 for txn 22 = Prepared
2024/12/06 18:58:07 AddToWAL on S8 for txn 21 = Prepared
2024/12/06 18:58:07 Paxos consensus succeeded on S4
2024/12/06 18:58:07 Paxos: Transaction 22 processed successfully on S4
2024/12/06 18:58:07 Paxos consensus succeeded on S7
2024/12/06 18:58:07 Paxos: Transaction 21 processed successfully on S7
2024/12/06 18:58:07 Starting Paxos consensus... on S4 for tx 20
2024/12/06 18:58:07 TPCPrepareToLeader :: Client 2150 received response from server: success:true  message:"Success"
2024/12/06 18:58:08 [22] Prepare Phase Results: SenderShard=true, ReceiverShard=true
2024/12/06 18:58:08 [2150] Prepare Phase succeeded. Initiating Commit Phase.
2024/12/06 18:58:08 Promise count for S4 : 3 / 3 -> 1
2024/12/06 18:58:08 TPCPrepareToLeader :: Client 1001 received response from server: success:true  message:"Success"
2024/12/06 18:58:08 UpdateEntry:: Updated value on S4 for txn 22: 22|2150|1111|9|Committed|1733529488004
2024/12/06 18:58:08 UpdateEntry:: Updated value on S7 for txn 22: 22|2150|1111|9|Committed|1733529488004
2024/12/06 18:58:08 [21] Prepare Phase Results: SenderShard=true, ReceiverShard=true
2024/12/06 18:58:08 [1001] Prepare Phase succeeded. Initiating Commit Phase.
2024/12/06 18:58:08 Executing log 20 on server S4: sender:299  receiver:1999  amount:15 ,  balance on Sender ->0 on rcvr:->25 
2024/12/06 18:58:08 UpdateEntry:: Updated value on S7 for txn 21: 21|1001|2999|6|Committed|1733529488014
2024/12/06 18:58:08 UpdateEntry:: Updated value on S6 for txn 22: 22|2150|1111|9|Committed|1733529488014
2024/12/06 18:58:08 UpdateEntry:: Updated value on S4 for txn 21: 21|1001|2999|6|Committed|1733529488013
2024/12/06 18:58:08 UpdateEntry:: Updated value on S9 for txn 22: 22|2150|1111|9|Committed|1733529488014
2024/12/06 18:58:08 UpdateEntry:: Updated value on S5 for txn 22: 22|2150|1111|9|Committed|1733529488014
2024/12/06 18:58:08 UpdateEntry:: Updated value on S8 for txn 22: 22|2150|1111|9|Committed|1733529488014
2024/12/06 18:58:08 UpdateEntry:: Updated value on S6 for txn 21: 21|1001|2999|6|Committed|1733529488014
2024/12/06 18:58:08 UpdateEntry:: Updated value on S5 for txn 21: 21|1001|2999|6|Committed|1733529488025
2024/12/06 18:58:08 UpdateEntry:: Updated value on S9 for txn 21: 21|1001|2999|6|Committed|1733529488025
2024/12/06 18:58:08 UpdateEntry:: Updated value on S8 for txn 21: 21|1001|2999|6|Committed|1733529488025
2024/12/06 18:58:08 AddToWAL on S4 for txn 20 = Prepared
2024/12/06 18:58:08 [22] Commit Phase Response from server S5: success:true  message:"Success"
2024/12/06 18:58:08 [22] Commit Phase Response from server S9: success:true  message:"Success"
2024/12/06 18:58:08 [22] Commit Phase Response from server S7: success:true  message:"Success"
2024/12/06 18:58:08 [22] Commit Phase Response from server S8: success:true  message:"Success"
2024/12/06 18:58:08 [22] Commit Phase Response from server S6: success:true  message:"Success"
2024/12/06 18:58:08 [22] Commit Phase Response from server S4: success:true  message:"Success"
2024/12/06 18:58:08 [21] Commit Phase Response from server S5: success:true  message:"Success"
2024/12/06 18:58:08 Decide successful for self
2024/12/06 18:58:08 [21] Commit Phase Response from server S6: success:true  message:"Success"
2024/12/06 18:58:08 [21] Commit Phase Response from server S4: success:true  message:"Success"
2024/12/06 18:58:08 Executing log 20 on server S6: sender:299  receiver:1999  amount:15 ,  balance on Sender ->0 on rcvr:->25 
2024/12/06 18:58:08 [21] Commit Phase Response from server S7: success:true  message:"Success"
2024/12/06 18:58:08 Executing log 20 on server S5: sender:299  receiver:1999  amount:15 ,  balance on Sender ->0 on rcvr:->25 
2024/12/06 18:58:08 [21] Commit Phase Response from server S8: success:true  message:"Success"
2024/12/06 18:58:08 [21] Commit Phase Response from server S9: success:true  message:"Success"
2024/12/06 18:58:08 AddToWAL on S5 for txn 20 = Prepared
2024/12/06 18:58:08 AddToWAL on S6 for txn 20 = Prepared
2024/12/06 18:58:08 Paxos consensus succeeded on S4
2024/12/06 18:58:08 Paxos: Transaction 20 processed successfully on S4
2024/12/06 18:58:08 TPCPrepareToLeader :: Client 299 received response from server: success:true  message:"Success"
2024/12/06 18:58:08 [20] Prepare Phase Results: SenderShard=true, ReceiverShard=true
2024/12/06 18:58:08 [299] Prepare Phase succeeded. Initiating Commit Phase.
2024/12/06 18:58:08 UpdateEntry:: Updated value on S4 for txn 20: 20|299|1999|15|Committed|1733529488065
2024/12/06 18:58:08 UpdateEntry:: Updated value on S1 for txn 20: 20|299|1999|15|Committed|1733529488066
2024/12/06 18:58:08 UpdateEntry:: Updated value on S6 for txn 20: 20|299|1999|15|Committed|1733529488068
2024/12/06 18:58:08 UpdateEntry:: Updated value on S3 for txn 20: 20|299|1999|15|Committed|1733529488068
2024/12/06 18:58:08 UpdateEntry:: Updated value on S5 for txn 20: 20|299|1999|15|Committed|1733529488068
2024/12/06 18:58:08 UpdateEntry:: Updated value on S2 for txn 20: 20|299|1999|15|Committed|1733529488068
2024/12/06 18:58:08 [20] Commit Phase Response from server S1: success:true  message:"Success"
2024/12/06 18:58:08 [20] Commit Phase Response from server S2: success:true  message:"Success"
2024/12/06 18:58:08 [20] Commit Phase Response from server S4: success:true  message:"Success"
2024/12/06 18:58:08 [20] Commit Phase Response from server S3: success:true  message:"Success"
2024/12/06 18:58:08 [20] Commit Phase Response from server S5: success:true  message:"Success"
2024/12/06 18:58:08 [20] Commit Phase Response from server S6: success:true  message:"Success"
2024/12/06 18:58:09 Proceeding to next iteration...
2024/12/06 18:58:09 MAIN :: processing Set  7
2024/12/06 18:58:09 Live Server map map[S1:true S2:true S3:true S4:true S5:true S6:true S7:true S8:true S9:true]
2024/12/06 18:58:09 UpdateContactServers [S1 S4 S7]
2024/12/06 18:58:09 Choose an option:
2024/12/06 18:58:09 1. PrintDB <server> or all
2024/12/06 18:58:09 2. Performance <server> or all
2024/12/06 18:58:09 3. NextIteration
2024/12/06 18:58:09 4. BalanceMap <client>
2024/12/06 18:58:09 MAIN :: Client 2001 sends Transaction 23 : {2001 11 3}
2024/12/06 18:58:09 MAIN :: Client 11 sends Transaction 24 : {11 2001 9}
2024/12/06 18:58:09 MAIN :: Client 2999 sends Transaction 25 : {2999 1999 6}
2024/12/06 18:58:09 5. PrintLog <server> or all
2024/12/06 18:58:09 [2001] Starting ProcessCrossShardTxn
2024/12/06 18:58:09 [11] Starting ProcessCrossShardTxn
2024/12/06 18:58:09 [2999] Starting ProcessCrossShardTxn
2024/12/06 18:58:09 Enter option: 
2024/12/06 18:58:09 [2001] Starting Prepare Phase
2024/12/06 18:58:09 [11] Starting Prepare Phase
2024/12/06 18:58:09 TPCPrepareToLeader request transaction_entry:{key:24  value:{sender:11  receiver:2001  amount:9}}
2024/12/06 18:58:09 [2999] Starting Prepare Phase
2024/12/06 18:58:09 TPCPrepareToLeader request transaction_entry:{key:23  value:{sender:2001  receiver:11  amount:3}}
2024/12/06 18:58:09 TPCPrepareToLeader request transaction_entry:{key:23  value:{sender:2001  receiver:11  amount:3}}
2024/12/06 18:58:09 TPCPrepareToLeader request transaction_entry:{key:24  value:{sender:11  receiver:2001  amount:9}}
2024/12/06 18:58:09 TPCPrepareToLeader request transaction_entry:{key:25  value:{sender:2999  receiver:1999  amount:6}}
2024/12/06 18:58:09 TPCPrepareToLeader request transaction_entry:{key:25  value:{sender:2999  receiver:1999  amount:6}}
2024/12/06 18:58:09 Starting Paxos consensus... on S7 for tx 24
2024/12/06 18:58:09 Starting Paxos consensus... on S1 for tx 23
2024/12/06 18:58:09 Starting Paxos consensus... on S4 for tx 25
2024/12/06 18:58:09 Promise count for S7 : 3 / 3 -> 1
2024/12/06 18:58:09 Promise count for S1 : 3 / 3 -> 1
2024/12/06 18:58:09 Executing log 24 on server S9: sender:11  receiver:2001  amount:9 ,  balance on Sender ->0 on rcvr:->19 
2024/12/06 18:58:09 Executing log 23 on server S1: sender:2001  receiver:11  amount:3 ,  balance on Sender ->0 on rcvr:->13 
2024/12/06 18:58:09 Executing log 24 on server S7: sender:11  receiver:2001  amount:9 ,  balance on Sender ->0 on rcvr:->19 
2024/12/06 18:58:09 Promise count for S4 : 3 / 3 -> 1
2024/12/06 18:58:09 Executing log 23 on server S3: sender:2001  receiver:11  amount:3 ,  balance on Sender ->0 on rcvr:->13 
2024/12/06 18:58:09 Executing log 25 on server S4: sender:2999  receiver:1999  amount:6 ,  balance on Sender ->0 on rcvr:->31 
2024/12/06 18:58:09 Executing log 25 on server S6: sender:2999  receiver:1999  amount:6 ,  balance on Sender ->0 on rcvr:->31 
2024/12/06 18:58:09 AddToWAL on S1 for txn 23 = Prepared
2024/12/06 18:58:09 AddToWAL on S7 for txn 24 = Prepared
2024/12/06 18:58:09 AddToWAL on S9 for txn 24 = Prepared
2024/12/06 18:58:09 AddToWAL on S3 for txn 23 = Prepared
2024/12/06 18:58:09 Decide successful for self
2024/12/06 18:58:09 AddToWAL on S4 for txn 25 = Prepared
2024/12/06 18:58:09 Decide successful for self
2024/12/06 18:58:09 AddToWAL on S6 for txn 25 = Prepared
2024/12/06 18:58:09 Executing log 23 on server S2: sender:2001  receiver:11  amount:3 ,  balance on Sender ->0 on rcvr:->13 
2024/12/06 18:58:09 Executing log 24 on server S8: sender:11  receiver:2001  amount:9 ,  balance on Sender ->0 on rcvr:->19 
2024/12/06 18:58:09 Decide successful for self
2024/12/06 18:58:09 Executing log 25 on server S5: sender:2999  receiver:1999  amount:6 ,  balance on Sender ->0 on rcvr:->31 
2024/12/06 18:58:09 AddToWAL on S2 for txn 23 = Prepared
2024/12/06 18:58:09 AddToWAL on S8 for txn 24 = Prepared
2024/12/06 18:58:09 AddToWAL on S5 for txn 25 = Prepared
2024/12/06 18:58:09 Paxos consensus succeeded on S1
2024/12/06 18:58:09 Paxos: Transaction 23 processed successfully on S1
2024/12/06 18:58:09 Paxos consensus succeeded on S7
2024/12/06 18:58:09 Paxos: Transaction 24 processed successfully on S7
2024/12/06 18:58:09 Paxos consensus succeeded on S4
2024/12/06 18:58:09 Paxos: Transaction 25 processed successfully on S4
2024/12/06 18:58:09 Starting Paxos consensus... on S1 for tx 24
2024/12/06 18:58:09 TPCPrepareToLeader :: Client 2001 received response from server: success:true  message:"Success"
2024/12/06 18:58:09 Starting Paxos consensus... on S7 for tx 25
2024/12/06 18:58:09 TPCPrepareToLeader :: Client 11 received response from server: success:true  message:"Success"
2024/12/06 18:58:09 Promise count for S1 : 3 / 3 -> 1
2024/12/06 18:58:09 FAILED TO GET LOCK for S1 for tx 11: lock asked by 24, is currently held by 23
2024/12/06 18:58:09 Paxos consensus failed: LOCK_BUSY: tx 24 : Sender 11, Amount 9
2024/12/06 18:58:09 Promise count for S7 : 3 / 3 -> 1
2024/12/06 18:58:09 TPCPrepareToLeader :: Client 2999 received response from server: success:true  message:"Success"
2024/12/06 18:58:09 TPCPrepareToLeader:: Client 24 failed to send transaction 11 to server S1: rpc error: code = Unknown desc = Failed in Paxos ::Transaction processed false. Paxos Failed.
2024/12/06 18:58:09 [24] Prepare Phase Results: SenderShard=false, ReceiverShard=true
2024/12/06 18:58:09 [11] Prepare Phase failed. Initiating Abort Phase.
2024/12/06 18:58:09 Executing log 25 on server S7: sender:2999  receiver:1999  amount:6 ,  balance on Sender ->10 on rcvr:->0 
2024/12/06 18:58:09 On Server S7 TPCAbort for txn 24
2024/12/06 18:58:09 On Server S1 TPCAbort for txn 24
2024/12/06 18:58:09 RollbackLogs:: for txn 24 : on S1: NOT FOUND
2024/12/06 18:58:09 RollbackLogs:: for txn 24 : on S7: new senderBal:0 recvrBal:10 
2024/12/06 18:58:09 AddToWAL on S7 for txn 25 = Prepared
2024/12/06 18:58:09 On Server S9 TPCAbort for txn 24
2024/12/06 18:58:09 On Server S8 TPCAbort for txn 24
2024/12/06 18:58:09 RollbackLogs:: for txn 24 : on S8: new senderBal:0 recvrBal:10 
2024/12/06 18:58:09 in bucket size: 2 transaction 24 not found
2024/12/06 18:58:09 On Server S3 TPCAbort for txn 24
2024/12/06 18:58:09 RollbackLogs:: for txn 24 : on S3: NOT FOUND
2024/12/06 18:58:09 On Server S1 TPCAbort for txn 24 Rollback done , UpdateEntry done
2024/12/06 18:58:09 AddToWAL on S1 for txn 24 = Aborted
2024/12/06 18:58:09 On Server S2 TPCAbort for txn 24
2024/12/06 18:58:09 RollbackLogs:: for txn 24 : on S2: NOT FOUND
2024/12/06 18:58:09 RollbackLogs:: for txn 24 : on S9: new senderBal:0 recvrBal:10 
2024/12/06 18:58:09 UpdateEntry:: Updated value on S8 for txn 24: 24|11|2001|9|Aborted|1733529489270
2024/12/06 18:58:09 UpdateEntry:: Updated value on S7 for txn 24: 24|11|2001|9|Aborted|1733529489272
2024/12/06 18:58:09 in bucket size: 2 transaction 24 not found
2024/12/06 18:58:09 On Server S3 TPCAbort for txn 24 Rollback done , UpdateEntry done
2024/12/06 18:58:09 AddToWAL on S3 for txn 24 = Aborted
2024/12/06 18:58:09 in bucket size: 2 transaction 24 not found
2024/12/06 18:58:09 UpdateEntry:: Updated value on S9 for txn 24: 24|11|2001|9|Aborted|1733529489273
2024/12/06 18:58:09 On Server S8 TPCAbort for txn 24 Rollback done , UpdateEntry done
2024/12/06 18:58:09 On Server S2 TPCAbort for txn 24 Rollback done , UpdateEntry done
2024/12/06 18:58:09 AddToWAL on S2 for txn 24 = Aborted
2024/12/06 18:58:09 Decide successful for self
2024/12/06 18:58:09 On Server S7 TPCAbort for txn 24 Rollback done , UpdateEntry done
2024/12/06 18:58:09 On Server S9 TPCAbort for txn 24 Rollback done , UpdateEntry done
2024/12/06 18:58:09 Executing log 25 on server S8: sender:2999  receiver:1999  amount:6 ,  balance on Sender ->10 on rcvr:->0 
2024/12/06 18:58:09 Executing log 25 on server S9: sender:2999  receiver:1999  amount:6 ,  balance on Sender ->10 on rcvr:->0 
2024/12/06 18:58:09 [24] Abort Phase Response from server S9: success:true  message:"Success"
2024/12/06 18:58:09 [24] Abort Phase Response from server S1: success:true  message:"Success for txn 24"
2024/12/06 18:58:09 [24] Abort Phase Response from server S7: success:true  message:"Success"
2024/12/06 18:58:09 [24] Abort Phase Response from server S3: success:true  message:"Success for txn 24"
2024/12/06 18:58:09 AddToWAL on S9 for txn 25 = Prepared
2024/12/06 18:58:09 [24] Abort Phase Response from server S2: success:true  message:"Success for txn 24"
2024/12/06 18:58:09 [24] Abort Phase Response from server S8: success:true  message:"Success"
2024/12/06 18:58:09 AddToWAL on S8 for txn 25 = Prepared
2024/12/06 18:58:09 Paxos consensus succeeded on S7
2024/12/06 18:58:09 Paxos: Transaction 25 processed successfully on S7
2024/12/06 18:58:09 Starting Paxos consensus... on S7 for tx 23
2024/12/06 18:58:09 TPCPrepareToLeader :: Client 2999 received response from server: success:true  message:"Success"
2024/12/06 18:58:09 [25] Prepare Phase Results: SenderShard=true, ReceiverShard=true
2024/12/06 18:58:09 [2999] Prepare Phase succeeded. Initiating Commit Phase.
2024/12/06 18:58:09 Promise count for S7 : 3 / 3 -> 1
2024/12/06 18:58:09 UpdateEntry:: Updated value on S7 for txn 25: 25|2999|1999|6|Committed|1733529489309
2024/12/06 18:58:09 UpdateEntry:: Updated value on S4 for txn 25: 25|2999|1999|6|Committed|1733529489309
2024/12/06 18:58:09 Executing log 23 on server S7: sender:2001  receiver:11  amount:3 ,  balance on Sender ->7 on rcvr:->0 
2024/12/06 18:58:09 UpdateEntry:: Updated value on S8 for txn 25: 25|2999|1999|6|Committed|1733529489319
2024/12/06 18:58:09 UpdateEntry:: Updated value on S6 for txn 25: 25|2999|1999|6|Committed|1733529489319
2024/12/06 18:58:09 UpdateEntry:: Updated value on S9 for txn 25: 25|2999|1999|6|Committed|1733529489319
2024/12/06 18:58:09 UpdateEntry:: Updated value on S5 for txn 25: 25|2999|1999|6|Committed|1733529489319
2024/12/06 18:58:09 AddToWAL on S7 for txn 23 = Prepared
2024/12/06 18:58:09 [25] Commit Phase Response from server S8: success:true  message:"Success"
2024/12/06 18:58:09 Decide successful for self
2024/12/06 18:58:09 [25] Commit Phase Response from server S6: success:true  message:"Success"
2024/12/06 18:58:09 [25] Commit Phase Response from server S5: success:true  message:"Success"
2024/12/06 18:58:09 Executing log 23 on server S8: sender:2001  receiver:11  amount:3 ,  balance on Sender ->7 on rcvr:->0 
2024/12/06 18:58:09 Executing log 23 on server S9: sender:2001  receiver:11  amount:3 ,  balance on Sender ->7 on rcvr:->0 
2024/12/06 18:58:09 [25] Commit Phase Response from server S9: success:true  message:"Success"
2024/12/06 18:58:09 [25] Commit Phase Response from server S4: success:true  message:"Success"
2024/12/06 18:58:09 [25] Commit Phase Response from server S7: success:true  message:"Success"
2024/12/06 18:58:09 AddToWAL on S8 for txn 23 = Prepared
2024/12/06 18:58:09 AddToWAL on S9 for txn 23 = Prepared
2024/12/06 18:58:09 Paxos consensus succeeded on S7
2024/12/06 18:58:09 Paxos: Transaction 23 processed successfully on S7
2024/12/06 18:58:09 TPCPrepareToLeader :: Client 2001 received response from server: success:true  message:"Success"
2024/12/06 18:58:09 [23] Prepare Phase Results: SenderShard=true, ReceiverShard=true
2024/12/06 18:58:09 [2001] Prepare Phase succeeded. Initiating Commit Phase.
2024/12/06 18:58:09 UpdateEntry:: Updated value on S1 for txn 23: 23|2001|11|3|Committed|1733529489436
2024/12/06 18:58:09 UpdateEntry:: Updated value on S7 for txn 23: 23|2001|11|3|Committed|1733529489436
2024/12/06 18:58:09 UpdateEntry:: Updated value on S8 for txn 23: 23|2001|11|3|Committed|1733529489446
2024/12/06 18:58:09 UpdateEntry:: Updated value on S2 for txn 23: 23|2001|11|3|Committed|1733529489448
2024/12/06 18:58:09 UpdateEntry:: Updated value on S3 for txn 23: 23|2001|11|3|Committed|1733529489446
2024/12/06 18:58:09 UpdateEntry:: Updated value on S9 for txn 23: 23|2001|11|3|Committed|1733529489448
2024/12/06 18:58:09 [23] Commit Phase Response from server S9: success:true  message:"Success"
2024/12/06 18:58:09 [23] Commit Phase Response from server S1: success:true  message:"Success"
2024/12/06 18:58:09 [23] Commit Phase Response from server S2: success:true  message:"Success"
2024/12/06 18:58:09 [23] Commit Phase Response from server S3: success:true  message:"Success"
2024/12/06 18:58:09 [23] Commit Phase Response from server S7: success:true  message:"Success"
2024/12/06 18:58:09 [23] Commit Phase Response from server S8: success:true  message:"Success"
2024/12/06 18:58:10 Proceeding to next iteration...
2024/12/06 18:58:10 MAIN :: processing Set  8
2024/12/06 18:58:10 Live Server map map[S1:true S2:true S3:true S4:true S5:true S6:true S7:true S8:true S9:true]
2024/12/06 18:58:10 UpdateContactServers [S1 S4 S7]
2024/12/06 18:58:10 Choose an option:
2024/12/06 18:58:10 1. PrintDB <server> or all
2024/12/06 18:58:10 2. Performance <server> or all
2024/12/06 18:58:10 3. NextIteration
2024/12/06 18:58:10 4. BalanceMap <client>
2024/12/06 18:58:10 MAIN :: Client 121 sends Transaction 26 : {121 601 1}
2024/12/06 18:58:10 MAIN :: Client 1500 sends Transaction 28 : {1500 1505 7}
2024/12/06 18:58:10 MAIN :: Client 121 sends Transaction 27 : {121 2525 8}
2024/12/06 18:58:10 5. PrintLog <server> or all
2024/12/06 18:58:10 ProcessIntraShardTxn :: at client 121
2024/12/06 18:58:10 ProcessIntraShardTxn :: at client 1500
2024/12/06 18:58:10 [121] Starting ProcessCrossShardTxn
2024/12/06 18:58:10 [121] Starting Prepare Phase
2024/12/06 18:58:10 Enter option: 
2024/12/06 18:58:10 TPCPrepareToLeader request transaction_entry:{key:27  value:{sender:121  receiver:2525  amount:8}}
2024/12/06 18:58:10 TPCPrepareToLeader request transaction_entry:{key:27  value:{sender:121  receiver:2525  amount:8}}
2024/12/06 18:58:10 Starting Paxos consensus... on S1 for tx 27
Server S1::2024/12/06 18:58:10 Server S1 received transaction 26 from 121 to 601 of amount 1
Server S4::2024/12/06 18:58:10 Server S4 received transaction 28 from 1500 to 1505 of amount 7
Server S4::2024/12/06 18:58:10 Starting Paxos consensus... on S4 for tx 28
Server S4::2024/12/06 18:58:10 Starting Paxos consensus... on S7 for tx 27
Server S4::2024/12/06 18:58:10 Promise count for S7 : 3 / 3 -> 1
Server S4::2024/12/06 18:58:10 Promise count for S4 : 3 / 3 -> 1
Server S4::2024/12/06 18:58:10 Promise count for S1 : 3 / 3 -> 1
Server S4::2024/12/06 18:58:10 Executing log 27 on server S7: sender:121  receiver:2525  amount:8 ,  balance on Sender ->0 on rcvr:->18 
Server S4::2024/12/06 18:58:10 Executing log 28 on server S5: sender:1500  receiver:1505  amount:7 ,  balance on Sender ->3 on rcvr:->17 
Server S4::2024/12/06 18:58:10 Executing log 27 on server S9: sender:121  receiver:2525  amount:8 ,  balance on Sender ->0 on rcvr:->18 
Server S4::2024/12/06 18:58:10 Executing log 28 on server S4: sender:1500  receiver:1505  amount:7 ,  balance on Sender ->3 on rcvr:->17 
Server S4::2024/12/06 18:58:10 Executing log 28 on server S6: sender:1500  receiver:1505  amount:7 ,  balance on Sender ->3 on rcvr:->17 
Server S4::2024/12/06 18:58:10 Executing log 27 on server S1: sender:121  receiver:2525  amount:8 ,  balance on Sender ->2 on rcvr:->0 
Server S4::2024/12/06 18:58:10 AddToWAL on S7 for txn 27 = Prepared
Server S4::2024/12/06 18:58:10 AddToWAL on S5 for txn 28 = Prepared
Server S4::2024/12/06 18:58:10 AddToWAL on S9 for txn 27 = Prepared
Server S4::2024/12/06 18:58:10 AddToWAL on S1 for txn 27 = Prepared
Server S4::2024/12/06 18:58:10 AddToWAL on S6 for txn 28 = Prepared
Server S4::2024/12/06 18:58:10 AddToWAL on S4 for txn 28 = Prepared
Server S4::2024/12/06 18:58:10 Decide successful for self
Server S4::2024/12/06 18:58:10 Paxos consensus succeeded on S4
Server S4::2024/12/06 18:58:10 Paxos: Transaction 28 processed successfully on S4
Server S4::2024/12/06 18:58:10 Decide successful for self
Server S4::2024/12/06 18:58:10 Executing log 27 on server S8: sender:121  receiver:2525  amount:8 ,  balance on Sender ->0 on rcvr:->18 
Server S4::2024/12/06 18:58:10 Decide successful for self
Server S4::2024/12/06 18:58:10 Executing log 27 on server S2: sender:121  receiver:2525  amount:8 ,  balance on Sender ->2 on rcvr:->0 
Server S4::2024/12/06 18:58:10 Executing log 27 on server S3: sender:121  receiver:2525  amount:8 ,  balance on Sender ->2 on rcvr:->0 
Server S4::2024/12/06 18:58:10 ProcessIntraShardTxn :: Client 1500 received response from server: success:true  message:"Transaction processed true. Please check logs for further status."
Server S4::2024/12/06 18:58:10 AddToWAL on S8 for txn 27 = Prepared
Server S4::2024/12/06 18:58:10 AddToWAL on S2 for txn 27 = Prepared
Server S4::2024/12/06 18:58:10 AddToWAL on S3 for txn 27 = Prepared
Server S4::2024/12/06 18:58:10 Paxos consensus succeeded on S7
Server S4::2024/12/06 18:58:10 Paxos: Transaction 27 processed successfully on S7
Server S4::2024/12/06 18:58:10 Paxos consensus succeeded on S1
Server S4::2024/12/06 18:58:10 Paxos: Transaction 27 processed successfully on S1
Server S4::2024/12/06 18:58:10 TPCPrepareToLeader :: Client 121 received response from server: success:true  message:"Success"
Server S4::2024/12/06 18:58:10 Starting Paxos consensus... on S1 for tx 26
Server S4::2024/12/06 18:58:10 TPCPrepareToLeader :: Client 121 received response from server: success:true  message:"Success"
Server S4::2024/12/06 18:58:10 [27] Prepare Phase Results: SenderShard=true, ReceiverShard=true
Server S4::2024/12/06 18:58:10 [121] Prepare Phase succeeded. Initiating Commit Phase.
Server S4::2024/12/06 18:58:10 UpdateEntry:: Updated value on S1 for txn 27: 27|121|2525|8|Committed|1733529490391
Server S4::2024/12/06 18:58:10 Promise count for S1 : 3 / 3 -> 1
Server S4::2024/12/06 18:58:10 FAILED TO GET LOCK for S1 for tx 121: lock asked by 26, is currently held by 27
Server S4::2024/12/06 18:58:10 Paxos consensus failed: LOCK_BUSY: tx 26 : Sender 121, Amount 1
Server S4::2024/12/06 18:58:10 UpdateEntry:: Updated value on S7 for txn 27: 27|121|2525|8|Committed|1733529490391
Server S4::2024/12/06 18:58:10 ProcessIntraShardTxn :: Client 121 received response from server: message:"Transaction processed false. Paxos Failed."
Server S4::2024/12/06 18:58:10 UpdateEntry:: Updated value on S3 for txn 27: 27|121|2525|8|Committed|1733529490401
Server S4::2024/12/06 18:58:10 UpdateEntry:: Updated value on S8 for txn 27: 27|121|2525|8|Committed|1733529490401
Server S4::2024/12/06 18:58:10 UpdateEntry:: Updated value on S2 for txn 27: 27|121|2525|8|Committed|1733529490401
Server S4::2024/12/06 18:58:10 UpdateEntry:: Updated value on S9 for txn 27: 27|121|2525|8|Committed|1733529490401
Server S4::2024/12/06 18:58:10 [27] Commit Phase Response from server S2: success:true  message:"Success"
Server S4::2024/12/06 18:58:10 [27] Commit Phase Response from server S9: success:true  message:"Success"
Server S4::2024/12/06 18:58:10 [27] Commit Phase Response from server S7: success:true  message:"Success"
Server S4::2024/12/06 18:58:10 [27] Commit Phase Response from server S8: success:true  message:"Success"
Server S4::2024/12/06 18:58:10 [27] Commit Phase Response from server S3: success:true  message:"Success"
Server S4::2024/12/06 18:58:10 [27] Commit Phase Response from server S1: success:true  message:"Success"
Server S4::2024/12/06 18:58:12 Invalid option
2024/12/06 18:58:12 Choose an option:
2024/12/06 18:58:12 1. PrintDB <server> or all
2024/12/06 18:58:12 2. Performance <server> or all
2024/12/06 18:58:12 3. NextIteration
2024/12/06 18:58:12 4. BalanceMap <client>
2024/12/06 18:58:12 5. PrintLog <server> or all
2024/12/06 18:58:12 Enter option: 
2024/12/06 18:58:16 Datastore for server S6:
2024/12/06 18:58:16 +------------------------------------------------------------+
2024/12/06 18:58:16 | Database Table (TBL_EXEC):                                      |
2024/12/06 18:58:16 +------------------------------------------------------------+
2024/12/06 18:58:16 | 10::1895|1890|5     16::1495|1490|3     18::1690|1695|6     2::1001|1650|2       |
2024/12/06 18:58:16 | 20::299|1999|15     21::1001|2999|6     22::2150|1111|9     25::2999|1999|6      |
2024/12/06 18:58:16 | 28::1500|1505|7     4::1201|1111|5       |
2024/12/06 18:58:16 +------------------------------------------------------------+
2024/12/06 18:58:16 +------------------------------------------------------------+
2024/12/06 18:58:16 | Write-Ahead Log Table (TBL_WAL)                                         |
2024/12/06 18:58:16 +------------------------------------------------------------+
2024/12/06 18:58:16 | 20|299|1999|15|Committed|1733529488068 |	
2024/12/06 18:58:16 | 21|1001|2999|6|Committed|1733529488014 |	
2024/12/06 18:58:16 | 22|2150|1111|9|Committed|1733529488014 |	
2024/12/06 18:58:16 | 25|2999|1999|6|Committed|1733529489319 |	
2024/12/06 18:58:16 +------------------------------------------------------------+
2024/12/06 18:58:16 Datastore for server S3:
2024/12/06 18:58:16 +------------------------------------------------------------+
2024/12/06 18:58:16 | Database Table (TBL_EXEC):                                      |
2024/12/06 18:58:16 +------------------------------------------------------------+
2024/12/06 18:58:16 | 1::100|501|8        13::196|197|3       15::973|707|2       17::333|691|4        |
2024/12/06 18:58:16 | 20::299|1999|15     23::2001|11|3       27::121|2525|8      5::501|299|13        |
2024/12/06 18:58:16 | 6::101|301|9        7::299|1|4          9::796|997|3         |
2024/12/06 18:58:16 +------------------------------------------------------------+
2024/12/06 18:58:16 +------------------------------------------------------------+
2024/12/06 18:58:16 | Write-Ahead Log Table (TBL_WAL)                                         |
2024/12/06 18:58:16 +------------------------------------------------------------+
2024/12/06 18:58:16 | 20|299|1999|15|Committed|1733529488068 |	
2024/12/06 18:58:16 | 23|2001|11|3|Committed|1733529489446 |	
2024/12/06 18:58:16 | 24|11|2001|9|Aborted|1733529489273 |	
2024/12/06 18:58:16 | 27|121|2525|8|Committed|1733529490401 |	
2024/12/06 18:58:16 +------------------------------------------------------------+
2024/12/06 18:58:16 Datastore for server S1:
2024/12/06 18:58:16 +------------------------------------------------------------+
2024/12/06 18:58:16 | Database Table (TBL_EXEC):                                      |
2024/12/06 18:58:16 +------------------------------------------------------------+
2024/12/06 18:58:16 | 1::100|501|8        13::196|197|3       15::973|707|2       17::333|691|4        |
2024/12/06 18:58:16 | 20::299|1999|15     23::2001|11|3       27::121|2525|8      5::501|299|13        |
2024/12/06 18:58:16 | 6::101|301|9        7::299|1|4          9::796|997|3         |
2024/12/06 18:58:16 +------------------------------------------------------------+
2024/12/06 18:58:16 +------------------------------------------------------------+
2024/12/06 18:58:16 | Write-Ahead Log Table (TBL_WAL)                                         |
2024/12/06 18:58:16 +------------------------------------------------------------+
2024/12/06 18:58:16 | 20|299|1999|15|Committed|1733529488066 |	
2024/12/06 18:58:16 | 23|2001|11|3|Committed|1733529489436 |	
2024/12/06 18:58:16 | 24|11|2001|9|Aborted|1733529489270 |	
2024/12/06 18:58:16 | 27|121|2525|8|Committed|1733529490391 |	
2024/12/06 18:58:16 +------------------------------------------------------------+
2024/12/06 18:58:16 Datastore for server S2:
2024/12/06 18:58:16 +------------------------------------------------------------+
2024/12/06 18:58:16 | Database Table (TBL_EXEC):                                      |
2024/12/06 18:58:16 +------------------------------------------------------------+
2024/12/06 18:58:16 | 1::100|501|8        13::196|197|3       15::973|707|2       17::333|691|4        |
2024/12/06 18:58:16 | 20::299|1999|15     23::2001|11|3       27::121|2525|8      5::501|299|13        |
2024/12/06 18:58:16 | 6::101|301|9        7::299|1|4          9::796|997|3         |
2024/12/06 18:58:16 +------------------------------------------------------------+
2024/12/06 18:58:16 +------------------------------------------------------------+
2024/12/06 18:58:16 | Write-Ahead Log Table (TBL_WAL)                                         |
2024/12/06 18:58:16 +------------------------------------------------------------+
2024/12/06 18:58:16 | 20|299|1999|15|Committed|1733529488068 |	
2024/12/06 18:58:16 | 23|2001|11|3|Committed|1733529489448 |	
2024/12/06 18:58:16 | 24|11|2001|9|Aborted|1733529489273 |	
2024/12/06 18:58:16 | 27|121|2525|8|Committed|1733529490401 |	
2024/12/06 18:58:16 +------------------------------------------------------------+
2024/12/06 18:58:16 Datastore for server S7:
2024/12/06 18:58:16 +------------------------------------------------------------+
2024/12/06 18:58:16 | Database Table (TBL_EXEC):                                      |
2024/12/06 18:58:16 +------------------------------------------------------------+
2024/12/06 18:58:16 | 11::2995|2994|7     12::2770|2799|1     21::1001|2999|6     22::2150|1111|9      |
2024/12/06 18:58:16 | 23::2001|11|3       25::2999|1999|6     27::121|2525|8      3::2800|2150|7       |
2024/12/06 18:58:16 +------------------------------------------------------------+
2024/12/06 18:58:16 +------------------------------------------------------------+
2024/12/06 18:58:16 | Write-Ahead Log Table (TBL_WAL)                                         |
2024/12/06 18:58:16 +------------------------------------------------------------+
2024/12/06 18:58:16 | 21|1001|2999|6|Committed|1733529488014 |	
2024/12/06 18:58:16 | 22|2150|1111|9|Committed|1733529488004 |	
2024/12/06 18:58:16 | 23|2001|11|3|Committed|1733529489436 |	
2024/12/06 18:58:16 | 24|11|2001|9|Aborted|1733529489272 |	
2024/12/06 18:58:16 | 25|2999|1999|6|Committed|1733529489309 |	
2024/12/06 18:58:16 | 27|121|2525|8|Committed|1733529490391 |	
2024/12/06 18:58:16 +------------------------------------------------------------+
2024/12/06 18:58:16 Datastore for server S5:
2024/12/06 18:58:16 +------------------------------------------------------------+
2024/12/06 18:58:16 | Database Table (TBL_EXEC):                                      |
2024/12/06 18:58:16 +------------------------------------------------------------+
2024/12/06 18:58:16 | 10::1895|1890|5     16::1495|1490|3     18::1690|1695|6     2::1001|1650|2       |
2024/12/06 18:58:16 | 20::299|1999|15     21::1001|2999|6     22::2150|1111|9     25::2999|1999|6      |
2024/12/06 18:58:16 | 28::1500|1505|7     4::1201|1111|5       |
2024/12/06 18:58:16 +------------------------------------------------------------+
2024/12/06 18:58:16 +------------------------------------------------------------+
2024/12/06 18:58:16 | Write-Ahead Log Table (TBL_WAL)                                         |
2024/12/06 18:58:16 +------------------------------------------------------------+
2024/12/06 18:58:16 | 20|299|1999|15|Committed|1733529488068 |	
2024/12/06 18:58:16 | 21|1001|2999|6|Committed|1733529488025 |	
2024/12/06 18:58:16 | 22|2150|1111|9|Committed|1733529488014 |	
2024/12/06 18:58:16 | 25|2999|1999|6|Committed|1733529489319 |	
2024/12/06 18:58:16 +------------------------------------------------------------+
2024/12/06 18:58:16 Datastore for server S9:
2024/12/06 18:58:16 +------------------------------------------------------------+
2024/12/06 18:58:16 | Database Table (TBL_EXEC):                                      |
2024/12/06 18:58:16 +------------------------------------------------------------+
2024/12/06 18:58:16 | 11::2995|2994|7     12::2770|2799|1     21::1001|2999|6     22::2150|1111|9      |
2024/12/06 18:58:16 | 23::2001|11|3       25::2999|1999|6     27::121|2525|8      3::2800|2150|7       |
2024/12/06 18:58:16 +------------------------------------------------------------+
2024/12/06 18:58:16 +------------------------------------------------------------+
2024/12/06 18:58:16 | Write-Ahead Log Table (TBL_WAL)                                         |
2024/12/06 18:58:16 +------------------------------------------------------------+
2024/12/06 18:58:16 | 21|1001|2999|6|Committed|1733529488025 |	
2024/12/06 18:58:16 | 22|2150|1111|9|Committed|1733529488014 |	
2024/12/06 18:58:16 | 23|2001|11|3|Committed|1733529489448 |	
2024/12/06 18:58:16 | 24|11|2001|9|Aborted|1733529489273 |	
2024/12/06 18:58:16 | 25|2999|1999|6|Committed|1733529489319 |	
2024/12/06 18:58:16 | 27|121|2525|8|Committed|1733529490401 |	
2024/12/06 18:58:16 +------------------------------------------------------------+
2024/12/06 18:58:16 Datastore for server S8:
2024/12/06 18:58:16 +------------------------------------------------------------+
2024/12/06 18:58:16 | Database Table (TBL_EXEC):                                      |
2024/12/06 18:58:16 +------------------------------------------------------------+
2024/12/06 18:58:16 | 11::2995|2994|7     12::2770|2799|1     21::1001|2999|6     22::2150|1111|9      |
2024/12/06 18:58:16 | 23::2001|11|3       25::2999|1999|6     27::121|2525|8      3::2800|2150|7       |
2024/12/06 18:58:16 +------------------------------------------------------------+
2024/12/06 18:58:16 +------------------------------------------------------------+
2024/12/06 18:58:16 | Write-Ahead Log Table (TBL_WAL)                                         |
2024/12/06 18:58:16 +------------------------------------------------------------+
2024/12/06 18:58:16 | 21|1001|2999|6|Committed|1733529488025 |	
2024/12/06 18:58:16 | 22|2150|1111|9|Committed|1733529488014 |	
2024/12/06 18:58:16 | 23|2001|11|3|Committed|1733529489446 |	
2024/12/06 18:58:16 | 24|11|2001|9|Aborted|1733529489270 |	
2024/12/06 18:58:16 | 25|2999|1999|6|Committed|1733529489319 |	
2024/12/06 18:58:16 | 27|121|2525|8|Committed|1733529490401 |	
2024/12/06 18:58:16 +------------------------------------------------------------+
2024/12/06 18:58:16 Datastore for server S4:
2024/12/06 18:58:16 +------------------------------------------------------------+
2024/12/06 18:58:16 | Database Table (TBL_EXEC):                                      |
2024/12/06 18:58:16 +------------------------------------------------------------+
2024/12/06 18:58:16 | 10::1895|1890|5     16::1495|1490|3     18::1690|1695|6     2::1001|1650|2       |
2024/12/06 18:58:16 | 20::299|1999|15     21::1001|2999|6     22::2150|1111|9     25::2999|1999|6      |
2024/12/06 18:58:16 | 28::1500|1505|7     4::1201|1111|5       |
2024/12/06 18:58:16 +------------------------------------------------------------+
2024/12/06 18:58:16 +------------------------------------------------------------+
2024/12/06 18:58:16 | Write-Ahead Log Table (TBL_WAL)                                         |
2024/12/06 18:58:16 +------------------------------------------------------------+
2024/12/06 18:58:16 | 20|299|1999|15|Committed|1733529488065 |	
2024/12/06 18:58:16 | 21|1001|2999|6|Committed|1733529488013 |	
2024/12/06 18:58:16 | 22|2150|1111|9|Committed|1733529488004 |	
2024/12/06 18:58:16 | 25|2999|1999|6|Committed|1733529489309 |	
2024/12/06 18:58:16 +------------------------------------------------------------+
2024/12/06 18:58:16 Choose an option:
2024/12/06 18:58:16 1. PrintDB <server> or all
2024/12/06 18:58:16 2. Performance <server> or all
2024/12/06 18:58:16 3. NextIteration
2024/12/06 18:58:16 4. BalanceMap <client>
2024/12/06 18:58:16 5. PrintLog <server> or all
2024/12/06 18:58:16 Enter option: 
2024/12/06 18:58:38 Invalid option
